#
# There is insufficient memory for the Java Runtime Environment to continue.
# Native memory allocation (mmap) failed to map 65536 bytes for Failed to commit metaspace.
# Possible reasons:
#   The system is out of physical RAM or swap space
#   The process is running with CompressedOops enabled, and the Java Heap may be blocking the growth of the native heap
# Possible solutions:
#   Reduce memory load on the system
#   Increase physical memory or swap space
#   Check if swap backing store is full
#   Decrease Java heap size (-Xmx/-Xms)
#   Decrease number of Java threads
#   Decrease Java thread stack sizes (-Xss)
#   Set larger code cache with -XX:ReservedCodeCacheSize=
#   JVM is running with Unscaled Compressed Oops mode in which the Java heap is
#     placed in the first 4GB address space. The Java Heap base address is the
#     maximum limit for the native heap growth. Please use -XX:HeapBaseMinAddress
#     to set the Java Heap base and to place the Java Heap above 4GB virtual address.
# This output file may be truncated or incomplete.
#
#  Out of Memory Error (virtualSpaceNode.cpp:110), pid=20648, tid=12124
#
# JRE version: OpenJDK Runtime Environment JBR-17.0.6+7-469.82-jcef (17.0.6+7) (build 17.0.6+7-b469.82)
# Java VM: OpenJDK 64-Bit Server VM JBR-17.0.6+7-469.82-jcef (17.0.6+7-b469.82, mixed mode, tiered, compressed oops, compressed class ptrs, g1 gc, windows-amd64)
# No core dump will be written. Minidumps are not enabled by default on client versions of Windows
#

---------------  S U M M A R Y ------------

Command Line: git4idea.http.GitAskPassApp Username for 'https://github.com': 

Host: 11th Gen Intel(R) Core(TM) i5-1135G7 @ 2.40GHz, 8 cores, 7G,  Windows 11 , 64 bit Build 22621 (10.0.22621.2506)
Time: Mon Jan 22 00:53:45 2024 GMT Standard Time elapsed time: 0.146149 seconds (0d 0h 0m 0s)

---------------  T H R E A D  ---------------

Current thread (0x000002749a588310):  JavaThread "main" [_thread_in_vm, id=12124, stack(0x000000c4d1d00000,0x000000c4d1e00000)]

Stack: [0x000000c4d1d00000,0x000000c4d1e00000]
Native frames: (J=compiled Java code, j=interpreted, Vv=VM code, C=native code)
V  [jvm.dll+0x683b4a]
V  [jvm.dll+0x842654]
V  [jvm.dll+0x843dfe]
V  [jvm.dll+0x844463]
V  [jvm.dll+0x249b75]
V  [jvm.dll+0x83e6ab]
V  [jvm.dll+0x627fa6]
V  [jvm.dll+0x62800a]
V  [jvm.dll+0x62a81a]
V  [jvm.dll+0x628946]
V  [jvm.dll+0x23db6f]
V  [jvm.dll+0x632735]
V  [jvm.dll+0x251f76]
V  [jvm.dll+0x253495]
V  [jvm.dll+0x1e6125]
V  [jvm.dll+0x1e568d]
V  [jvm.dll+0x547fb6]
V  [jvm.dll+0x1f46eb]
V  [jvm.dll+0x7bc67b]
V  [jvm.dll+0x7bdac2]
V  [jvm.dll+0x7be259]
V  [jvm.dll+0x1ec1a6]
V  [jvm.dll+0x1ee7cd]
V  [jvm.dll+0x1e3dcc]
V  [jvm.dll+0x547f8d]
V  [jvm.dll+0x1f46eb]
V  [jvm.dll+0x7bc67b]
V  [jvm.dll+0x7bdac2]
V  [jvm.dll+0x7bddf8]
V  [jvm.dll+0x24190e]
V  [jvm.dll+0x38437e]
C  0x00000274a522b5a5

Java frames: (J=compiled Java code, j=interpreted, Vv=VM code)
j  java.util.Spliterators.<clinit>()V+20 java.base@17.0.6
v  ~StubRoutines::call_stub
j  java.util.concurrent.CopyOnWriteArrayList.spliterator()Ljava/util/Spliterator;+7 java.base@17.0.6
j  java.util.Collection.stream()Ljava/util/stream/Stream;+1 java.base@17.0.6
j  java.lang.ModuleLayer.layers(Ljava/lang/ClassLoader;)Ljava/util/stream/Stream;+16 java.base@17.0.6
j  java.lang.System$2.layers(Ljava/lang/ClassLoader;)Ljava/util/stream/Stream;+1 java.base@17.0.6
j  java.util.ServiceLoader$ModuleServicesLookupIterator.iteratorFor(Ljava/lang/ClassLoader;)Ljava/util/Iterator;+75 java.base@17.0.6
j  java.util.ServiceLoader$ModuleServicesLookupIterator.<init>(Ljava/util/ServiceLoader;)V+23 java.base@17.0.6
j  java.util.ServiceLoader.newLookupIterator()Ljava/util/Iterator;+49 java.base@17.0.6
j  java.util.ServiceLoader.iterator()Ljava/util/Iterator;+9 java.base@17.0.6
j  java.net.URL$1.<init>()V+29 java.base@17.0.6
j  java.net.URL.providers()Ljava/util/Iterator;+4 java.base@17.0.6
j  java.net.URL$2.run()Ljava/net/URLStreamHandler;+0 java.base@17.0.6
j  java.net.URL$2.run()Ljava/lang/Object;+1 java.base@17.0.6
j  java.security.AccessController.executePrivileged(Ljava/security/PrivilegedAction;Ljava/security/AccessControlContext;Ljava/lang/Class;)Ljava/lang/Object;+29 java.base@17.0.6
j  java.security.AccessController.doPrivileged(Ljava/security/PrivilegedAction;)Ljava/lang/Object;+5 java.base@17.0.6
j  java.net.URL.lookupViaProviders(Ljava/lang/String;)Ljava/net/URLStreamHandler;+37 java.base@17.0.6
j  java.net.URL.getURLStreamHandler(Ljava/lang/String;)Ljava/net/URLStreamHandler;+68 java.base@17.0.6
j  java.net.URL.<init>(Ljava/net/URL;Ljava/lang/String;Ljava/net/URLStreamHandler;)V+386 java.base@17.0.6
j  java.net.URL.<init>(Ljava/net/URL;Ljava/lang/String;)V+4 java.base@17.0.6
j  java.net.URL.<init>(Ljava/lang/String;)V+3 java.base@17.0.6
j  org.apache.xmlrpc.XmlRpcClient.<init>(Ljava/lang/String;I)V+38
j  org.apache.xmlrpc.XmlRpcClientLite.<init>(Ljava/lang/String;I)V+3
j  externalApp.ExternalAppUtil.sendXmlRequest(Ljava/lang/String;I[Ljava/lang/Object;)Ljava/lang/Object;+23
j  git4idea.http.GitAskPassApp.main([Ljava/lang/String;)V+46
v  ~StubRoutines::call_stub

---------------  P R O C E S S  ---------------

Threads class SMR info:
_java_thread_list=0x00000274b4dd3a50, length=13, elements={
0x000002749a588310, 0x00000274b43c3150, 0x00000274b43c3b00, 0x00000274b4c2eb50,
0x00000274b4c2f500, 0x00000274b4c2feb0, 0x00000274b4c32870, 0x00000274b4c6e730,
0x00000274b4c6f120, 0x00000274b4c70a30, 0x00000274b4dbb630, 0x00000274b4dcdb40,
0x00000274b4dd82a0
}

Java Threads: ( => current thread )
=>0x000002749a588310 JavaThread "main" [_thread_in_vm, id=12124, stack(0x000000c4d1d00000,0x000000c4d1e00000)]
  0x00000274b43c3150 JavaThread "Reference Handler" daemon [_thread_blocked, id=30248, stack(0x000000c4d2400000,0x000000c4d2500000)]
  0x00000274b43c3b00 JavaThread "Finalizer" daemon [_thread_blocked, id=12092, stack(0x000000c4d2500000,0x000000c4d2600000)]
  0x00000274b4c2eb50 JavaThread "Signal Dispatcher" daemon [_thread_blocked, id=16128, stack(0x000000c4d2600000,0x000000c4d2700000)]
  0x00000274b4c2f500 JavaThread "Attach Listener" daemon [_thread_blocked, id=22160, stack(0x000000c4d2700000,0x000000c4d2800000)]
  0x00000274b4c2feb0 JavaThread "Service Thread" daemon [_thread_blocked, id=22144, stack(0x000000c4d2800000,0x000000c4d2900000)]
  0x00000274b4c32870 JavaThread "Monitor Deflation Thread" daemon [_thread_blocked, id=6372, stack(0x000000c4d2900000,0x000000c4d2a00000)]
  0x00000274b4c6e730 JavaThread "C2 CompilerThread0" daemon [_thread_blocked, id=15488, stack(0x000000c4d2a00000,0x000000c4d2b00000)]
  0x00000274b4c6f120 JavaThread "C1 CompilerThread0" daemon [_thread_blocked, id=22892, stack(0x000000c4d2b00000,0x000000c4d2c00000)]
  0x00000274b4c70a30 JavaThread "Sweeper thread" daemon [_thread_blocked, id=34972, stack(0x000000c4d2c00000,0x000000c4d2d00000)]
  0x00000274b4dbb630 JavaThread "Notification Thread" daemon [_thread_blocked, id=35432, stack(0x000000c4d2d00000,0x000000c4d2e00000)]
  0x00000274b4dcdb40 JavaThread "Common-Cleaner" daemon [_thread_blocked, id=29208, stack(0x000000c4d2f00000,0x000000c4d3000000)]
  0x00000274b4dd82a0 JavaThread "C2 CompilerThread1" daemon [_thread_blocked, id=32080, stack(0x000000c4d3000000,0x000000c4d3100000)]

Other Threads:
  0x00000274b43c08b0 VMThread "VM Thread" [stack: 0x000000c4d2300000,0x000000c4d2400000] [id=21704]
  0x000002749a607b90 WatcherThread [stack: 0x000000c4d2e00000,0x000000c4d2f00000] [id=28496]
  0x000002749a5e1aa0 GCTaskThread "GC Thread#0" [stack: 0x000000c4d1e00000,0x000000c4d1f00000] [id=15108]
  0x000002749a5f20a0 ConcurrentGCThread "G1 Main Marker" [stack: 0x000000c4d1f00000,0x000000c4d2000000] [id=25864]
  0x000002749a5f2b80 ConcurrentGCThread "G1 Conc#0" [stack: 0x000000c4d2000000,0x000000c4d2100000] [id=17532]
  0x000002749a63dab0 ConcurrentGCThread "G1 Refine#0" [stack: 0x000000c4d2100000,0x000000c4d2200000] [id=11436]
  0x00000274b4226a30 ConcurrentGCThread "G1 Service" [stack: 0x000000c4d2200000,0x000000c4d2300000] [id=3960]

Threads with active compile tasks:

VM state: not at safepoint (normal execution)

VM Mutex/Monitor currently owned by a thread:  ([mutex/lock_event])
[0x000002749a5847d0] Metaspace_lock - owner thread: 0x000002749a588310

Heap address: 0x0000000084a00000, size: 1974 MB, Compressed Oops mode: 32-bit

CDS archive(s) not mapped
Compressed class space mapped at: 0x0000000100000000-0x0000000140000000, reserved size: 1073741824
Narrow klass base: 0x0000000000000000, Narrow klass shift: 3, Narrow klass range: 0x140000000

GC Precious Log:
 CPUs: 8 total, 8 available
 Memory: 7888M
 Large Page Support: Disabled
 NUMA Support: Disabled
 Compressed Oops: Enabled (32-bit)
 Heap Region Size: 1M
 Heap Min Capacity: 8M
 Heap Initial Capacity: 124M
 Heap Max Capacity: 1974M
 Pre-touch: Disabled
 Parallel Workers: 8
 Concurrent Workers: 2
 Concurrent Refinement Workers: 8
 Periodic GC: Disabled

Heap:
 garbage-first heap   total 126976K, used 14336K [0x0000000084a00000, 0x0000000100000000)
  region size 1024K, 2 young (2048K), 0 survivors (0K)
 Metaspace       used 5900K, committed 5952K, reserved 1056768K
  class space    used 495K, committed 512K, reserved 1048576K

Heap Regions: E=young(eden), S=young(survivor), O=old, HS=humongous(starts), HC=humongous(continues), CS=collection set, F=free, OA=open archive, CA=closed archive, TAMS=top-at-mark-start (previous, next)
|   0|0x0000000084a00000, 0x0000000084b00000, 0x0000000084b00000|100%|HS|  |TAMS 0x0000000084a00000, 0x0000000084a00000| Complete 
|   1|0x0000000084b00000, 0x0000000084c00000, 0x0000000084c00000|100%|HC|  |TAMS 0x0000000084b00000, 0x0000000084b00000| Complete 
|   2|0x0000000084c00000, 0x0000000084d00000, 0x0000000084d00000|100%|HC|  |TAMS 0x0000000084c00000, 0x0000000084c00000| Complete 
|   3|0x0000000084d00000, 0x0000000084e00000, 0x0000000084e00000|100%|HC|  |TAMS 0x0000000084d00000, 0x0000000084d00000| Complete 
|   4|0x0000000084e00000, 0x0000000084f00000, 0x0000000084f00000|100%|HC|  |TAMS 0x0000000084e00000, 0x0000000084e00000| Complete 
|   5|0x0000000084f00000, 0x0000000085000000, 0x0000000085000000|100%|HC|  |TAMS 0x0000000084f00000, 0x0000000084f00000| Complete 
|   6|0x0000000085000000, 0x0000000085100000, 0x0000000085100000|100%|HC|  |TAMS 0x0000000085000000, 0x0000000085000000| Complete 
|   7|0x0000000085100000, 0x0000000085200000, 0x0000000085200000|100%|HC|  |TAMS 0x0000000085100000, 0x0000000085100000| Complete 
|   8|0x0000000085200000, 0x0000000085300000, 0x0000000085300000|100%|HC|  |TAMS 0x0000000085200000, 0x0000000085200000| Complete 
|   9|0x0000000085300000, 0x0000000085400000, 0x0000000085400000|100%|HC|  |TAMS 0x0000000085300000, 0x0000000085300000| Complete 
|  10|0x0000000085400000, 0x0000000085500000, 0x0000000085500000|100%|HC|  |TAMS 0x0000000085400000, 0x0000000085400000| Complete 
|  11|0x0000000085500000, 0x0000000085600000, 0x0000000085600000|100%|HS|  |TAMS 0x0000000085500000, 0x0000000085500000| Complete 
|  12|0x0000000085600000, 0x0000000085700000, 0x0000000085700000|100%|HC|  |TAMS 0x0000000085600000, 0x0000000085600000| Complete 
|  13|0x0000000085700000, 0x0000000085700000, 0x0000000085800000|  0%| F|  |TAMS 0x0000000085700000, 0x0000000085700000| Untracked 
|  14|0x0000000085800000, 0x0000000085800000, 0x0000000085900000|  0%| F|  |TAMS 0x0000000085800000, 0x0000000085800000| Untracked 
|  15|0x0000000085900000, 0x0000000085900000, 0x0000000085a00000|  0%| F|  |TAMS 0x0000000085900000, 0x0000000085900000| Untracked 
|  16|0x0000000085a00000, 0x0000000085a00000, 0x0000000085b00000|  0%| F|  |TAMS 0x0000000085a00000, 0x0000000085a00000| Untracked 
|  17|0x0000000085b00000, 0x0000000085b00000, 0x0000000085c00000|  0%| F|  |TAMS 0x0000000085b00000, 0x0000000085b00000| Untracked 
|  18|0x0000000085c00000, 0x0000000085c00000, 0x0000000085d00000|  0%| F|  |TAMS 0x0000000085c00000, 0x0000000085c00000| Untracked 
|  19|0x0000000085d00000, 0x0000000085d00000, 0x0000000085e00000|  0%| F|  |TAMS 0x0000000085d00000, 0x0000000085d00000| Untracked 
|  20|0x0000000085e00000, 0x0000000085e00000, 0x0000000085f00000|  0%| F|  |TAMS 0x0000000085e00000, 0x0000000085e00000| Untracked 
|  21|0x0000000085f00000, 0x0000000085f00000, 0x0000000086000000|  0%| F|  |TAMS 0x0000000085f00000, 0x0000000085f00000| Untracked 
|  22|0x0000000086000000, 0x0000000086000000, 0x0000000086100000|  0%| F|  |TAMS 0x0000000086000000, 0x0000000086000000| Untracked 
|  23|0x0000000086100000, 0x0000000086100000, 0x0000000086200000|  0%| F|  |TAMS 0x0000000086100000, 0x0000000086100000| Untracked 
|  24|0x0000000086200000, 0x0000000086200000, 0x0000000086300000|  0%| F|  |TAMS 0x0000000086200000, 0x0000000086200000| Untracked 
|  25|0x0000000086300000, 0x0000000086300000, 0x0000000086400000|  0%| F|  |TAMS 0x0000000086300000, 0x0000000086300000| Untracked 
|  26|0x0000000086400000, 0x0000000086400000, 0x0000000086500000|  0%| F|  |TAMS 0x0000000086400000, 0x0000000086400000| Untracked 
|  27|0x0000000086500000, 0x0000000086500000, 0x0000000086600000|  0%| F|  |TAMS 0x0000000086500000, 0x0000000086500000| Untracked 
|  28|0x0000000086600000, 0x0000000086600000, 0x0000000086700000|  0%| F|  |TAMS 0x0000000086600000, 0x0000000086600000| Untracked 
|  29|0x0000000086700000, 0x0000000086700000, 0x0000000086800000|  0%| F|  |TAMS 0x0000000086700000, 0x0000000086700000| Untracked 
|  30|0x0000000086800000, 0x0000000086800000, 0x0000000086900000|  0%| F|  |TAMS 0x0000000086800000, 0x0000000086800000| Untracked 
|  31|0x0000000086900000, 0x0000000086900000, 0x0000000086a00000|  0%| F|  |TAMS 0x0000000086900000, 0x0000000086900000| Untracked 
|  32|0x0000000086a00000, 0x0000000086a00000, 0x0000000086b00000|  0%| F|  |TAMS 0x0000000086a00000, 0x0000000086a00000| Untracked 
|  33|0x0000000086b00000, 0x0000000086b00000, 0x0000000086c00000|  0%| F|  |TAMS 0x0000000086b00000, 0x0000000086b00000| Untracked 
|  34|0x0000000086c00000, 0x0000000086c00000, 0x0000000086d00000|  0%| F|  |TAMS 0x0000000086c00000, 0x0000000086c00000| Untracked 
|  35|0x0000000086d00000, 0x0000000086d00000, 0x0000000086e00000|  0%| F|  |TAMS 0x0000000086d00000, 0x0000000086d00000| Untracked 
|  36|0x0000000086e00000, 0x0000000086e00000, 0x0000000086f00000|  0%| F|  |TAMS 0x0000000086e00000, 0x0000000086e00000| Untracked 
|  37|0x0000000086f00000, 0x0000000086f00000, 0x0000000087000000|  0%| F|  |TAMS 0x0000000086f00000, 0x0000000086f00000| Untracked 
|  38|0x0000000087000000, 0x0000000087000000, 0x0000000087100000|  0%| F|  |TAMS 0x0000000087000000, 0x0000000087000000| Untracked 
|  39|0x0000000087100000, 0x0000000087100000, 0x0000000087200000|  0%| F|  |TAMS 0x0000000087100000, 0x0000000087100000| Untracked 
|  40|0x0000000087200000, 0x0000000087200000, 0x0000000087300000|  0%| F|  |TAMS 0x0000000087200000, 0x0000000087200000| Untracked 
|  41|0x0000000087300000, 0x0000000087300000, 0x0000000087400000|  0%| F|  |TAMS 0x0000000087300000, 0x0000000087300000| Untracked 
|  42|0x0000000087400000, 0x0000000087400000, 0x0000000087500000|  0%| F|  |TAMS 0x0000000087400000, 0x0000000087400000| Untracked 
|  43|0x0000000087500000, 0x0000000087500000, 0x0000000087600000|  0%| F|  |TAMS 0x0000000087500000, 0x0000000087500000| Untracked 
|  44|0x0000000087600000, 0x0000000087600000, 0x0000000087700000|  0%| F|  |TAMS 0x0000000087600000, 0x0000000087600000| Untracked 
|  45|0x0000000087700000, 0x0000000087700000, 0x0000000087800000|  0%| F|  |TAMS 0x0000000087700000, 0x0000000087700000| Untracked 
|  46|0x0000000087800000, 0x0000000087800000, 0x0000000087900000|  0%| F|  |TAMS 0x0000000087800000, 0x0000000087800000| Untracked 
|  47|0x0000000087900000, 0x0000000087900000, 0x0000000087a00000|  0%| F|  |TAMS 0x0000000087900000, 0x0000000087900000| Untracked 
|  48|0x0000000087a00000, 0x0000000087a00000, 0x0000000087b00000|  0%| F|  |TAMS 0x0000000087a00000, 0x0000000087a00000| Untracked 
|  49|0x0000000087b00000, 0x0000000087b00000, 0x0000000087c00000|  0%| F|  |TAMS 0x0000000087b00000, 0x0000000087b00000| Untracked 
|  50|0x0000000087c00000, 0x0000000087c00000, 0x0000000087d00000|  0%| F|  |TAMS 0x0000000087c00000, 0x0000000087c00000| Untracked 
|  51|0x0000000087d00000, 0x0000000087d00000, 0x0000000087e00000|  0%| F|  |TAMS 0x0000000087d00000, 0x0000000087d00000| Untracked 
|  52|0x0000000087e00000, 0x0000000087e00000, 0x0000000087f00000|  0%| F|  |TAMS 0x0000000087e00000, 0x0000000087e00000| Untracked 
|  53|0x0000000087f00000, 0x0000000087f00000, 0x0000000088000000|  0%| F|  |TAMS 0x0000000087f00000, 0x0000000087f00000| Untracked 
|  54|0x0000000088000000, 0x0000000088000000, 0x0000000088100000|  0%| F|  |TAMS 0x0000000088000000, 0x0000000088000000| Untracked 
|  55|0x0000000088100000, 0x0000000088100000, 0x0000000088200000|  0%| F|  |TAMS 0x0000000088100000, 0x0000000088100000| Untracked 
|  56|0x0000000088200000, 0x0000000088200000, 0x0000000088300000|  0%| F|  |TAMS 0x0000000088200000, 0x0000000088200000| Untracked 
|  57|0x0000000088300000, 0x0000000088300000, 0x0000000088400000|  0%| F|  |TAMS 0x0000000088300000, 0x0000000088300000| Untracked 
|  58|0x0000000088400000, 0x0000000088400000, 0x0000000088500000|  0%| F|  |TAMS 0x0000000088400000, 0x0000000088400000| Untracked 
|  59|0x0000000088500000, 0x0000000088500000, 0x0000000088600000|  0%| F|  |TAMS 0x0000000088500000, 0x0000000088500000| Untracked 
|  60|0x0000000088600000, 0x0000000088600000, 0x0000000088700000|  0%| F|  |TAMS 0x0000000088600000, 0x0000000088600000| Untracked 
|  61|0x0000000088700000, 0x0000000088700000, 0x0000000088800000|  0%| F|  |TAMS 0x0000000088700000, 0x0000000088700000| Untracked 
|  62|0x0000000088800000, 0x0000000088800000, 0x0000000088900000|  0%| F|  |TAMS 0x0000000088800000, 0x0000000088800000| Untracked 
|  63|0x0000000088900000, 0x0000000088900000, 0x0000000088a00000|  0%| F|  |TAMS 0x0000000088900000, 0x0000000088900000| Untracked 
|  64|0x0000000088a00000, 0x0000000088a00000, 0x0000000088b00000|  0%| F|  |TAMS 0x0000000088a00000, 0x0000000088a00000| Untracked 
|  65|0x0000000088b00000, 0x0000000088b00000, 0x0000000088c00000|  0%| F|  |TAMS 0x0000000088b00000, 0x0000000088b00000| Untracked 
|  66|0x0000000088c00000, 0x0000000088c00000, 0x0000000088d00000|  0%| F|  |TAMS 0x0000000088c00000, 0x0000000088c00000| Untracked 
|  67|0x0000000088d00000, 0x0000000088d00000, 0x0000000088e00000|  0%| F|  |TAMS 0x0000000088d00000, 0x0000000088d00000| Untracked 
|  68|0x0000000088e00000, 0x0000000088e00000, 0x0000000088f00000|  0%| F|  |TAMS 0x0000000088e00000, 0x0000000088e00000| Untracked 
|  69|0x0000000088f00000, 0x0000000088f00000, 0x0000000089000000|  0%| F|  |TAMS 0x0000000088f00000, 0x0000000088f00000| Untracked 
|  70|0x0000000089000000, 0x0000000089000000, 0x0000000089100000|  0%| F|  |TAMS 0x0000000089000000, 0x0000000089000000| Untracked 
|  71|0x0000000089100000, 0x0000000089100000, 0x0000000089200000|  0%| F|  |TAMS 0x0000000089100000, 0x0000000089100000| Untracked 
|  72|0x0000000089200000, 0x0000000089200000, 0x0000000089300000|  0%| F|  |TAMS 0x0000000089200000, 0x0000000089200000| Untracked 
|  73|0x0000000089300000, 0x0000000089300000, 0x0000000089400000|  0%| F|  |TAMS 0x0000000089300000, 0x0000000089300000| Untracked 
|  74|0x0000000089400000, 0x0000000089400000, 0x0000000089500000|  0%| F|  |TAMS 0x0000000089400000, 0x0000000089400000| Untracked 
|  75|0x0000000089500000, 0x0000000089500000, 0x0000000089600000|  0%| F|  |TAMS 0x0000000089500000, 0x0000000089500000| Untracked 
|  76|0x0000000089600000, 0x0000000089600000, 0x0000000089700000|  0%| F|  |TAMS 0x0000000089600000, 0x0000000089600000| Untracked 
|  77|0x0000000089700000, 0x0000000089700000, 0x0000000089800000|  0%| F|  |TAMS 0x0000000089700000, 0x0000000089700000| Untracked 
|  78|0x0000000089800000, 0x0000000089800000, 0x0000000089900000|  0%| F|  |TAMS 0x0000000089800000, 0x0000000089800000| Untracked 
|  79|0x0000000089900000, 0x0000000089900000, 0x0000000089a00000|  0%| F|  |TAMS 0x0000000089900000, 0x0000000089900000| Untracked 
|  80|0x0000000089a00000, 0x0000000089a00000, 0x0000000089b00000|  0%| F|  |TAMS 0x0000000089a00000, 0x0000000089a00000| Untracked 
|  81|0x0000000089b00000, 0x0000000089b00000, 0x0000000089c00000|  0%| F|  |TAMS 0x0000000089b00000, 0x0000000089b00000| Untracked 
|  82|0x0000000089c00000, 0x0000000089c00000, 0x0000000089d00000|  0%| F|  |TAMS 0x0000000089c00000, 0x0000000089c00000| Untracked 
|  83|0x0000000089d00000, 0x0000000089d00000, 0x0000000089e00000|  0%| F|  |TAMS 0x0000000089d00000, 0x0000000089d00000| Untracked 
|  84|0x0000000089e00000, 0x0000000089e00000, 0x0000000089f00000|  0%| F|  |TAMS 0x0000000089e00000, 0x0000000089e00000| Untracked 
|  85|0x0000000089f00000, 0x0000000089f00000, 0x000000008a000000|  0%| F|  |TAMS 0x0000000089f00000, 0x0000000089f00000| Untracked 
|  86|0x000000008a000000, 0x000000008a000000, 0x000000008a100000|  0%| F|  |TAMS 0x000000008a000000, 0x000000008a000000| Untracked 
|  87|0x000000008a100000, 0x000000008a100000, 0x000000008a200000|  0%| F|  |TAMS 0x000000008a100000, 0x000000008a100000| Untracked 
|  88|0x000000008a200000, 0x000000008a200000, 0x000000008a300000|  0%| F|  |TAMS 0x000000008a200000, 0x000000008a200000| Untracked 
|  89|0x000000008a300000, 0x000000008a300000, 0x000000008a400000|  0%| F|  |TAMS 0x000000008a300000, 0x000000008a300000| Untracked 
|  90|0x000000008a400000, 0x000000008a400000, 0x000000008a500000|  0%| F|  |TAMS 0x000000008a400000, 0x000000008a400000| Untracked 
|  91|0x000000008a500000, 0x000000008a500000, 0x000000008a600000|  0%| F|  |TAMS 0x000000008a500000, 0x000000008a500000| Untracked 
|  92|0x000000008a600000, 0x000000008a600000, 0x000000008a700000|  0%| F|  |TAMS 0x000000008a600000, 0x000000008a600000| Untracked 
|  93|0x000000008a700000, 0x000000008a700000, 0x000000008a800000|  0%| F|  |TAMS 0x000000008a700000, 0x000000008a700000| Untracked 
|  94|0x000000008a800000, 0x000000008a800000, 0x000000008a900000|  0%| F|  |TAMS 0x000000008a800000, 0x000000008a800000| Untracked 
|  95|0x000000008a900000, 0x000000008a900000, 0x000000008aa00000|  0%| F|  |TAMS 0x000000008a900000, 0x000000008a900000| Untracked 
|  96|0x000000008aa00000, 0x000000008aa00000, 0x000000008ab00000|  0%| F|  |TAMS 0x000000008aa00000, 0x000000008aa00000| Untracked 
|  97|0x000000008ab00000, 0x000000008ab00000, 0x000000008ac00000|  0%| F|  |TAMS 0x000000008ab00000, 0x000000008ab00000| Untracked 
|  98|0x000000008ac00000, 0x000000008ac00000, 0x000000008ad00000|  0%| F|  |TAMS 0x000000008ac00000, 0x000000008ac00000| Untracked 
|  99|0x000000008ad00000, 0x000000008ad00000, 0x000000008ae00000|  0%| F|  |TAMS 0x000000008ad00000, 0x000000008ad00000| Untracked 
| 100|0x000000008ae00000, 0x000000008ae00000, 0x000000008af00000|  0%| F|  |TAMS 0x000000008ae00000, 0x000000008ae00000| Untracked 
| 101|0x000000008af00000, 0x000000008af00000, 0x000000008b000000|  0%| F|  |TAMS 0x000000008af00000, 0x000000008af00000| Untracked 
| 102|0x000000008b000000, 0x000000008b000000, 0x000000008b100000|  0%| F|  |TAMS 0x000000008b000000, 0x000000008b000000| Untracked 
| 103|0x000000008b100000, 0x000000008b100000, 0x000000008b200000|  0%| F|  |TAMS 0x000000008b100000, 0x000000008b100000| Untracked 
| 104|0x000000008b200000, 0x000000008b200000, 0x000000008b300000|  0%| F|  |TAMS 0x000000008b200000, 0x000000008b200000| Untracked 
| 105|0x000000008b300000, 0x000000008b300000, 0x000000008b400000|  0%| F|  |TAMS 0x000000008b300000, 0x000000008b300000| Untracked 
| 106|0x000000008b400000, 0x000000008b400000, 0x000000008b500000|  0%| F|  |TAMS 0x000000008b400000, 0x000000008b400000| Untracked 
| 107|0x000000008b500000, 0x000000008b500000, 0x000000008b600000|  0%| F|  |TAMS 0x000000008b500000, 0x000000008b500000| Untracked 
| 108|0x000000008b600000, 0x000000008b600000, 0x000000008b700000|  0%| F|  |TAMS 0x000000008b600000, 0x000000008b600000| Untracked 
| 109|0x000000008b700000, 0x000000008b700000, 0x000000008b800000|  0%| F|  |TAMS 0x000000008b700000, 0x000000008b700000| Untracked 
| 110|0x000000008b800000, 0x000000008b800000, 0x000000008b900000|  0%| F|  |TAMS 0x000000008b800000, 0x000000008b800000| Untracked 
| 111|0x000000008b900000, 0x000000008b900000, 0x000000008ba00000|  0%| F|  |TAMS 0x000000008b900000, 0x000000008b900000| Untracked 
| 112|0x000000008ba00000, 0x000000008ba00000, 0x000000008bb00000|  0%| F|  |TAMS 0x000000008ba00000, 0x000000008ba00000| Untracked 
| 113|0x000000008bb00000, 0x000000008bb00000, 0x000000008bc00000|  0%| F|  |TAMS 0x000000008bb00000, 0x000000008bb00000| Untracked 
| 114|0x000000008bc00000, 0x000000008bc00000, 0x000000008bd00000|  0%| F|  |TAMS 0x000000008bc00000, 0x000000008bc00000| Untracked 
| 115|0x000000008bd00000, 0x000000008bd00000, 0x000000008be00000|  0%| F|  |TAMS 0x000000008bd00000, 0x000000008bd00000| Untracked 
| 116|0x000000008be00000, 0x000000008be00000, 0x000000008bf00000|  0%| F|  |TAMS 0x000000008be00000, 0x000000008be00000| Untracked 
| 117|0x000000008bf00000, 0x000000008bf00000, 0x000000008c000000|  0%| F|  |TAMS 0x000000008bf00000, 0x000000008bf00000| Untracked 
| 118|0x000000008c000000, 0x000000008c000000, 0x000000008c100000|  0%| F|  |TAMS 0x000000008c000000, 0x000000008c000000| Untracked 
| 119|0x000000008c100000, 0x000000008c100000, 0x000000008c200000|  0%| F|  |TAMS 0x000000008c100000, 0x000000008c100000| Untracked 
| 120|0x000000008c200000, 0x000000008c200000, 0x000000008c300000|  0%| F|  |TAMS 0x000000008c200000, 0x000000008c200000| Untracked 
| 121|0x000000008c300000, 0x000000008c300000, 0x000000008c400000|  0%| F|  |TAMS 0x000000008c300000, 0x000000008c300000| Untracked 
| 122|0x000000008c400000, 0x000000008c4ec088, 0x000000008c500000| 92%| E|  |TAMS 0x000000008c400000, 0x000000008c400000| Complete 
| 123|0x000000008c500000, 0x000000008c600000, 0x000000008c600000|100%| E|CS|TAMS 0x000000008c500000, 0x000000008c500000| Complete 

Card table byte_map: [0x00000274ad3f0000,0x00000274ad7d0000] _byte_map_base: 0x00000274acfcb000

Marking Bits (Prev, Next): (CMBitMap*) 0x000002749a5e20b0, (CMBitMap*) 0x000002749a5e20f0
 Prev Bits: [0x00000274adbb0000, 0x00000274afa88000)
 Next Bits: [0x00000274afa90000, 0x00000274b1968000)

Polling page: 0x0000027498700000

Metaspace:

Usage:
  Non-class:      5.28 MB used.
      Class:    495.86 KB used.
       Both:      5.76 MB used.

Virtual space:
  Non-class space:        8.00 MB reserved,       5.31 MB ( 66%) committed,  1 nodes.
      Class space:        1.00 GB reserved,     512.00 KB ( <1%) committed,  1 nodes.
             Both:        1.01 GB reserved,       5.81 MB ( <1%) committed. 

Chunk freelists:
   Non-Class:  2.47 MB
       Class:  3.50 MB
        Both:  5.97 MB

MaxMetaspaceSize: unlimited
CompressedClassSpaceSize: 1.00 GB
Initial GC threshold: 21.00 MB
Current GC threshold: 21.00 MB
CDS: off
MetaspaceReclaimPolicy: balanced
 - commit_granule_bytes: 65536.
 - commit_granule_words: 8192.
 - virtual_space_node_default_size: 1048576.
 - enlarge_chunks_in_place: 1.
 - new_chunks_are_fully_committed: 0.
 - uncommit_free_chunks: 1.
 - use_allocation_guard: 0.
 - handle_deallocations: 1.


Internal statistics:

num_allocs_failed_limit: 0.
num_arena_births: 6.
num_arena_deaths: 0.
num_vsnodes_births: 2.
num_vsnodes_deaths: 0.
num_space_committed: 93.
num_space_uncommitted: 0.
num_chunks_returned_to_freelist: 0.
num_chunks_taken_from_freelist: 19.
num_chunk_merges: 0.
num_chunk_splits: 7.
num_chunks_enlarged: 3.
num_purges: 0.
num_inconsistent_stats: 0.

CodeHeap 'non-profiled nmethods': size=120000Kb used=41Kb max_used=41Kb free=119958Kb
 bounds [0x00000274a57b0000, 0x00000274a5a20000, 0x00000274acce0000]
CodeHeap 'profiled nmethods': size=120000Kb used=211Kb max_used=211Kb free=119788Kb
 bounds [0x000002749dce0000, 0x000002749df50000, 0x00000274a5210000]
CodeHeap 'non-nmethods': size=5760Kb used=1102Kb max_used=1115Kb free=4657Kb
 bounds [0x00000274a5210000, 0x00000274a5480000, 0x00000274a57b0000]
 total_blobs=505 nmethods=143 adapters=275
 compilation: enabled
              stopped_count=0, restarted_count=0
 full_count=0

Compilation events (20 events):
Event: 0.127 Thread 0x00000274b4c6f120  121       1       java.util.HashMap$Node::getValue (5 bytes)
Event: 0.127 Thread 0x00000274b4c6f120 nmethod 121 0x00000274a57b6b90 code [0x00000274a57b6d20, 0x00000274a57b6df8]
Event: 0.132 Thread 0x00000274b4c6f120  126       1       java.lang.Enum::ordinal (5 bytes)
Event: 0.132 Thread 0x00000274b4c6f120 nmethod 126 0x00000274a57b7e90 code [0x00000274a57b8020, 0x00000274a57b80f8]
Event: 0.132 Thread 0x00000274b4c6f120  128       1       java.lang.Class::getClassLoader0 (5 bytes)
Event: 0.132 Thread 0x00000274b4c6f120 nmethod 128 0x00000274a57b8190 code [0x00000274a57b8320, 0x00000274a57b83f8]
Event: 0.134 Thread 0x00000274b4c6f120  133       3       java.util.concurrent.ConcurrentHashMap::get (162 bytes)
Event: 0.134 Thread 0x00000274b4c6f120 nmethod 133 0x000002749dd12990 code [0x000002749dd12be0, 0x000002749dd136a8]
Event: 0.136 Thread 0x00000274b4c6f120  136       3       java.lang.AbstractStringBuilder::putStringAt (12 bytes)
Event: 0.137 Thread 0x00000274b4c6f120 nmethod 136 0x000002749dd13990 code [0x000002749dd13b40, 0x000002749dd13d88]
Event: 0.137 Thread 0x00000274b4c6f120  137       3       java.lang.AbstractStringBuilder::putStringAt (34 bytes)
Event: 0.137 Thread 0x00000274b4c6f120 nmethod 137 0x000002749dd13f10 code [0x000002749dd140e0, 0x000002749dd143f8]
Event: 0.137 Thread 0x00000274b4dd82a0  138       4       java.lang.String::charAt (25 bytes)
Event: 0.138 Thread 0x00000274b4dd82a0 nmethod 138 0x00000274a57b9790 code [0x00000274a57b9920, 0x00000274a57b9a08]
Event: 0.138 Thread 0x00000274b4c6f120  139       1       java.lang.invoke.MethodType::returnType (5 bytes)
Event: 0.138 Thread 0x00000274b4c6f120 nmethod 139 0x00000274a57ba110 code [0x00000274a57ba2a0, 0x00000274a57ba378]
Event: 0.140 Thread 0x00000274b4c6f120  142       3       java.lang.StringLatin1::lastIndexOf (40 bytes)
Event: 0.141 Thread 0x00000274b4c6f120 nmethod 142 0x000002749dd14590 code [0x000002749dd14760, 0x000002749dd14b58]
Event: 0.141 Thread 0x00000274b4dd82a0  143       4       java.lang.String::isLatin1 (19 bytes)
Event: 0.141 Thread 0x00000274b4dd82a0 nmethod 143 0x00000274a57ba410 code [0x00000274a57ba580, 0x00000274a57ba618]

GC Heap History (0 events):
No events

Dll operation events (2 events):
Event: 0.007 Loaded shared library C:\Program Files\JetBrains\PhpStorm 2022.2.2\jbr\bin\java.dll
Event: 0.139 Loaded shared library C:\Program Files\JetBrains\PhpStorm 2022.2.2\jbr\bin\verify.dll

Deoptimization events (20 events):
Event: 0.109 Thread 0x000002749a588310 DEOPT PACKING pc=0x000002749dcf800c sp=0x000000c4d1dfa410
Event: 0.109 Thread 0x000002749a588310 DEOPT UNPACKING pc=0x00000274a526ace3 sp=0x000000c4d1df98a0 mode 0
Event: 0.109 Thread 0x000002749a588310 DEOPT PACKING pc=0x000002749dcf800c sp=0x000000c4d1dfa410
Event: 0.109 Thread 0x000002749a588310 DEOPT UNPACKING pc=0x00000274a526ace3 sp=0x000000c4d1df98a0 mode 0
Event: 0.109 Thread 0x000002749a588310 DEOPT PACKING pc=0x000002749dcf800c sp=0x000000c4d1dfa410
Event: 0.109 Thread 0x000002749a588310 DEOPT UNPACKING pc=0x00000274a526ace3 sp=0x000000c4d1df98a0 mode 0
Event: 0.109 Thread 0x000002749a588310 DEOPT PACKING pc=0x000002749dcf800c sp=0x000000c4d1dfa410
Event: 0.109 Thread 0x000002749a588310 DEOPT UNPACKING pc=0x00000274a526ace3 sp=0x000000c4d1df98a0 mode 0
Event: 0.109 Thread 0x000002749a588310 DEOPT PACKING pc=0x000002749dcf800c sp=0x000000c4d1dfa410
Event: 0.109 Thread 0x000002749a588310 DEOPT UNPACKING pc=0x00000274a526ace3 sp=0x000000c4d1df98a0 mode 0
Event: 0.110 Thread 0x000002749a588310 DEOPT PACKING pc=0x000002749dcf800c sp=0x000000c4d1dfa410
Event: 0.110 Thread 0x000002749a588310 DEOPT UNPACKING pc=0x00000274a526ace3 sp=0x000000c4d1df98a0 mode 0
Event: 0.110 Thread 0x000002749a588310 DEOPT PACKING pc=0x000002749dcf800c sp=0x000000c4d1dfa410
Event: 0.110 Thread 0x000002749a588310 DEOPT UNPACKING pc=0x00000274a526ace3 sp=0x000000c4d1df98a0 mode 0
Event: 0.110 Thread 0x000002749a588310 DEOPT PACKING pc=0x000002749dcf800c sp=0x000000c4d1dfa410
Event: 0.110 Thread 0x000002749a588310 DEOPT UNPACKING pc=0x00000274a526ace3 sp=0x000000c4d1df98a0 mode 0
Event: 0.117 Thread 0x000002749a588310 Uncommon trap: trap_request=0xffffff45 fr.pc=0x00000274a57b4238 relative=0x0000000000000198
Event: 0.117 Thread 0x000002749a588310 Uncommon trap: reason=unstable_if action=reinterpret pc=0x00000274a57b4238 method=java.util.zip.ZipFile$Source.isMetaName([BII)Z @ 43 c2
Event: 0.117 Thread 0x000002749a588310 DEOPT PACKING pc=0x00000274a57b4238 sp=0x000000c4d1dfa540
Event: 0.117 Thread 0x000002749a588310 DEOPT UNPACKING pc=0x00000274a526a1a3 sp=0x000000c4d1dfa4e8 mode 2

Classes unloaded (0 events):
No events

Classes redefined (0 events):
No events

Internal exceptions (0 events):
No events

VM Operations (4 events):
Event: 0.122 Executing VM operation: HandshakeAllThreads
Event: 0.122 Executing VM operation: HandshakeAllThreads done
Event: 0.122 Executing VM operation: HandshakeAllThreads
Event: 0.122 Executing VM operation: HandshakeAllThreads done

Events (20 events):
Event: 0.141 loading class java/util/ServiceLoader
Event: 0.142 loading class java/util/ServiceLoader done
Event: 0.142 loading class java/util/ServiceLoader$ModuleServicesLookupIterator
Event: 0.142 loading class java/util/ServiceLoader$ModuleServicesLookupIterator done
Event: 0.142 loading class java/util/Spliterators
Event: 0.142 loading class java/util/Spliterators done
Event: 0.142 loading class java/util/Spliterators$EmptySpliterator$OfRef
Event: 0.142 loading class java/util/Spliterator
Event: 0.142 loading class java/util/Spliterator done
Event: 0.142 loading class java/util/Spliterators$EmptySpliterator
Event: 0.142 loading class java/util/Spliterators$EmptySpliterator done
Event: 0.142 loading class java/util/Spliterators$EmptySpliterator$OfRef done
Event: 0.142 loading class java/util/Spliterators$EmptySpliterator$OfInt
Event: 0.142 loading class java/util/Spliterator$OfInt
Event: 0.142 loading class java/util/Spliterator$OfPrimitive
Event: 0.142 loading class java/util/Spliterator$OfPrimitive done
Event: 0.142 loading class java/util/Spliterator$OfInt done
Event: 0.142 loading class java/util/Spliterators$EmptySpliterator$OfInt done
Event: 0.142 loading class java/util/Spliterators$EmptySpliterator$OfLong
Event: 0.142 loading class java/util/Spliterator$OfLong


Dynamic libraries:
0x00007ff613400000 - 0x00007ff61340a000 	C:\Program Files\JetBrains\PhpStorm 2022.2.2\jbr\bin\java.exe
0x00007ffe089b0000 - 0x00007ffe08bc7000 	C:\WINDOWS\SYSTEM32\ntdll.dll
0x00007ffdc8b80000 - 0x00007ffdc8b99000 	C:\Program Files\Avast Software\Avast\aswhook.dll
0x00007ffe071b0000 - 0x00007ffe07274000 	C:\WINDOWS\System32\KERNEL32.DLL
0x00007ffe05e50000 - 0x00007ffe061f6000 	C:\WINDOWS\System32\KERNELBASE.dll
0x00007ffe06200000 - 0x00007ffe06311000 	C:\WINDOWS\System32\ucrtbase.dll
0x00007ffdf1230000 - 0x00007ffdf1247000 	C:\Program Files\JetBrains\PhpStorm 2022.2.2\jbr\bin\jli.dll
0x00007ffdf01b0000 - 0x00007ffdf01cb000 	C:\Program Files\JetBrains\PhpStorm 2022.2.2\jbr\bin\VCRUNTIME140.dll
0x00007ffe06d20000 - 0x00007ffe06ece000 	C:\WINDOWS\System32\USER32.dll
0x00007ffe06320000 - 0x00007ffe06346000 	C:\WINDOWS\System32\win32u.dll
0x00007ffe08610000 - 0x00007ffe08639000 	C:\WINDOWS\System32\GDI32.dll
0x00007ffdf0370000 - 0x00007ffdf0603000 	C:\WINDOWS\WinSxS\amd64_microsoft.windows.common-controls_6595b64144ccf1df_6.0.22621.2506_none_270c5ae97388e100\COMCTL32.dll
0x00007ffe06440000 - 0x00007ffe06558000 	C:\WINDOWS\System32\gdi32full.dll
0x00007ffe05db0000 - 0x00007ffe05e4a000 	C:\WINDOWS\System32\msvcp_win.dll
0x00007ffe06f60000 - 0x00007ffe07007000 	C:\WINDOWS\System32\msvcrt.dll
0x00007ffe06700000 - 0x00007ffe06731000 	C:\WINDOWS\System32\IMM32.DLL
0x00007ffdf4070000 - 0x00007ffdf407c000 	C:\Program Files\JetBrains\PhpStorm 2022.2.2\jbr\bin\vcruntime140_1.dll
0x00007ffdde8c0000 - 0x00007ffdde94d000 	C:\Program Files\JetBrains\PhpStorm 2022.2.2\jbr\bin\msvcp140.dll
0x00007ffda7310000 - 0x00007ffda7f7d000 	C:\Program Files\JetBrains\PhpStorm 2022.2.2\jbr\bin\server\jvm.dll
0x00007ffe06740000 - 0x00007ffe067f3000 	C:\WINDOWS\System32\ADVAPI32.dll
0x00007ffe08690000 - 0x00007ffe08738000 	C:\WINDOWS\System32\sechost.dll
0x00007ffe066d0000 - 0x00007ffe066f8000 	C:\WINDOWS\System32\bcrypt.dll
0x00007ffe07010000 - 0x00007ffe07127000 	C:\WINDOWS\System32\RPCRT4.dll
0x00007ffde9590000 - 0x00007ffde9599000 	C:\WINDOWS\SYSTEM32\WSOCK32.dll
0x00007ffdf4140000 - 0x00007ffdf414a000 	C:\WINDOWS\SYSTEM32\VERSION.dll
0x00007ffdfc700000 - 0x00007ffdfc734000 	C:\WINDOWS\SYSTEM32\WINMM.dll
0x00007ffe08100000 - 0x00007ffe08171000 	C:\WINDOWS\System32\WS2_32.dll
0x00007ffe04d60000 - 0x00007ffe04d78000 	C:\WINDOWS\SYSTEM32\kernel.appcore.dll
0x00007ffe029a0000 - 0x00007ffe029aa000 	C:\Program Files\JetBrains\PhpStorm 2022.2.2\jbr\bin\jimage.dll
0x00007ffe03460000 - 0x00007ffe03693000 	C:\WINDOWS\SYSTEM32\DBGHELP.DLL
0x00007ffe07d70000 - 0x00007ffe080f9000 	C:\WINDOWS\System32\combase.dll
0x00007ffe06800000 - 0x00007ffe068d7000 	C:\WINDOWS\System32\OLEAUT32.dll
0x00007ffdf2490000 - 0x00007ffdf24c2000 	C:\WINDOWS\SYSTEM32\dbgcore.DLL
0x00007ffe06350000 - 0x00007ffe063ca000 	C:\WINDOWS\System32\bcryptPrimitives.dll
0x00007ffdfb360000 - 0x00007ffdfb385000 	C:\Program Files\JetBrains\PhpStorm 2022.2.2\jbr\bin\java.dll
0x00007ffe00a40000 - 0x00007ffe00a58000 	C:\Program Files\JetBrains\PhpStorm 2022.2.2\jbr\bin\zip.dll
0x00007ffe074e0000 - 0x00007ffe07d3a000 	C:\WINDOWS\System32\SHELL32.dll
0x00007ffe03bf0000 - 0x00007ffe044e6000 	C:\WINDOWS\SYSTEM32\windows.storage.dll
0x00007ffe03ab0000 - 0x00007ffe03bee000 	C:\WINDOWS\SYSTEM32\wintypes.dll
0x00007ffe068e0000 - 0x00007ffe069d3000 	C:\WINDOWS\System32\SHCORE.dll
0x00007ffe06ef0000 - 0x00007ffe06f4e000 	C:\WINDOWS\System32\shlwapi.dll
0x00007ffe05c20000 - 0x00007ffe05c46000 	C:\WINDOWS\SYSTEM32\profapi.dll
0x00007ffe001c0000 - 0x00007ffe001d9000 	C:\Program Files\JetBrains\PhpStorm 2022.2.2\jbr\bin\net.dll
0x00007ffdfee10000 - 0x00007ffdfef47000 	C:\WINDOWS\SYSTEM32\WINHTTP.dll
0x00007ffe05260000 - 0x00007ffe052c9000 	C:\WINDOWS\system32\mswsock.dll
0x00007ffdfec00000 - 0x00007ffdfec16000 	C:\Program Files\JetBrains\PhpStorm 2022.2.2\jbr\bin\nio.dll
0x00007ffe00a20000 - 0x00007ffe00a30000 	C:\Program Files\JetBrains\PhpStorm 2022.2.2\jbr\bin\verify.dll

dbghelp: loaded successfully - version: 4.0.5 - missing functions: none
symbol engine: initialized successfully - sym options: 0x614 - pdb path: .;C:\Program Files\JetBrains\PhpStorm 2022.2.2\jbr\bin;C:\WINDOWS\SYSTEM32;C:\Program Files\Avast Software\Avast;C:\WINDOWS\WinSxS\amd64_microsoft.windows.common-controls_6595b64144ccf1df_6.0.22621.2506_none_270c5ae97388e100;C:\Program Files\JetBrains\PhpStorm 2022.2.2\jbr\bin\server

VM Arguments:
java_command: git4idea.http.GitAskPassApp Username for 'https://github.com': 
java_class_path (initial): C:/Program Files/JetBrains/PhpStorm 2022.2.2/plugins/git4idea/lib/git4idea-rt.jar;C:/Program Files/JetBrains/PhpStorm 2022.2.2/lib/externalProcess-rt.jar;C:/Program Files/JetBrains/PhpStorm 2022.2.2/lib/app.jar;C:/Program Files/JetBrains/PhpStorm 2022.2.2/lib/3rd-party-rt.jar
Launcher Type: SUN_STANDARD

[Global flags]
     intx CICompilerCount                          = 4                                         {product} {ergonomic}
     uint ConcGCThreads                            = 2                                         {product} {ergonomic}
     uint G1ConcRefinementThreads                  = 8                                         {product} {ergonomic}
   size_t G1HeapRegionSize                         = 1048576                                   {product} {ergonomic}
    uintx GCDrainStackTargetSize                   = 64                                        {product} {ergonomic}
   size_t InitialHeapSize                          = 130023424                                 {product} {ergonomic}
   size_t MarkStackSize                            = 4194304                                   {product} {ergonomic}
   size_t MaxHeapSize                              = 2069889024                                {product} {ergonomic}
   size_t MaxNewSize                               = 1241513984                                {product} {ergonomic}
   size_t MinHeapDeltaBytes                        = 1048576                                   {product} {ergonomic}
   size_t MinHeapSize                              = 8388608                                   {product} {ergonomic}
    uintx NonNMethodCodeHeapSize                   = 5839372                                {pd product} {ergonomic}
    uintx NonProfiledCodeHeapSize                  = 122909434                              {pd product} {ergonomic}
    uintx ProfiledCodeHeapSize                     = 122909434                              {pd product} {ergonomic}
    uintx ReservedCodeCacheSize                    = 251658240                              {pd product} {ergonomic}
     bool SegmentedCodeCache                       = true                                      {product} {ergonomic}
   size_t SoftMaxHeapSize                          = 2069889024                             {manageable} {ergonomic}
     bool UseCompressedClassPointers               = true                           {product lp64_product} {ergonomic}
     bool UseCompressedOops                        = true                           {product lp64_product} {ergonomic}
     bool UseG1GC                                  = true                                      {product} {ergonomic}
     bool UseLargePagesIndividualAllocation        = false                                  {pd product} {ergonomic}

Logging:
Log output configuration:
 #0: stdout all=warning uptime,level,tags
 #1: stderr all=off uptime,level,tags

Environment Variables:
PATH=C:\Program Files\Git\mingw64\libexec\git-core;C:\Program Files\Git\mingw64\libexec\git-core;C:\Program Files\Git\mingw64\libexec\git-core;C:\Program Files\Git\mingw64\bin;C:\Program Files\Git\usr\bin;C:\Users\jlwon\bin;C:\Program Files\Common Files\Oracle\Java\javapath;C:\Windows\system32;C:\Windows;C:\Windows\System32\Wbem;C:\Windows\System32\WindowsPowerShell\v1.0;C:\Windows\System32\OpenSSH;C:\Program Files\dotnet;C:\Program Files\Microsoft SQL Server\130\Tools\Binn;C:\Program Files\Microsoft SQL Server\Client SDK\ODBC\170\Tools\Binn;C:\Program Files\Git\cmd;C:\Users\jlwon\apache-maven-3.9.1-bin\apache-maven-3.9.1\bin;C:\php;C:\ProgramData\ComposerSetup\bin;C:\WINDOWS\system32;C:\WINDOWS;C:\WINDOWS\System32\Wbem;C:\WINDOWS\System32\WindowsPowerShell\v1.0;C:\WINDOWS\System32\OpenSSH;C:\Users\jlwon\scoop\shims;C:\Users\jlwon\AppData\Local\Microsoft\WindowsApps;C:\Users\jlwon\AppData\Local\Programs\Microsoft VS Code\bin;C:\Users\jlwon\.dotnet\tools;C:\Program Files\JetBrains\PhpStorm 2022.2.2\bin;C:\Program Files (x86)\Brackets;C:\Users\jlwon\AppData\Local\GitHubDesktop\bin;C:\Users\jlwon\apache-maven-3.9.1-bin\apache-maven-3.9.1\bin;C:\Program Files\JetBrains\PyCharm Community Edition 2023.1.2\bin;C:\Users\jlwon\AppData\Roaming\Composer\vendor\bin;C:\Users\jlwon\AppData\Local\Programs\oh-my-posh\bin
USERNAME=jlwon
DISPLAY=:0.0
LC_ALL=en_US.UTF-8
TERM=xterm-256color
TMPDIR=C:\Users\jlwon\AppData\Local\Temp
OS=Windows_NT
PROCESSOR_IDENTIFIER=Intel64 Family 6 Model 140 Stepping 1, GenuineIntel
TMP=C:\Users\jlwon\AppData\Local\Temp
TEMP=C:\Users\jlwon\AppData\Local\Temp



---------------  S Y S T E M  ---------------

OS:
 Windows 11 , 64 bit Build 22621 (10.0.22621.2506)
OS uptime: 5 days 2:25 hours
Hyper-V role detected

CPU: total 8 (initial active 8) (4 cores per cpu, 2 threads per core) family 6 model 140 stepping 1 microcode 0x9a, cx8, cmov, fxsr, ht, mmx, 3dnowpref, sse, sse2, sse3, ssse3, sse4.1, sse4.2, popcnt, lzcnt, tsc, tscinvbit, avx, avx2, aes, erms, clmul, bmi1, bmi2, adx, avx512f, avx512dq, avx512cd, avx512bw, avx512vl, sha, fma, vzeroupper, avx512_vpopcntdq, avx512_vpclmulqdq, avx512_vaes, avx512_vnni, clflush, clflushopt, clwb, avx512_vbmi2, avx512_vbmi, hv

Memory: 4k page, system-wide physical 7888M (515M free)
TotalPageFile size 32464M (AvailPageFile size 3M)
current process WorkingSet (physical memory assigned to process): 47M, peak: 47M
current process commit charge ("private bytes"): 202M, peak: 202M

vm_info: OpenJDK 64-Bit Server VM (17.0.6+7-b469.82) for windows-amd64 JRE (17.0.6+7-b469.82), built on 2023-03-05 by "builduser" with MS VC++ 16.10 / 16.11 (VS2019)

END.
